2020-05-14 10:22:55.582 [main] INFO  com.m2m.management.ManagementApplication - Starting ManagementApplication v0.0.1-SNAPSHOT on 43e034358ab3 with PID 47 (/root/adv/astore.jar started by root in /root/adv)
2020-05-14 10:22:55.600 [main] INFO  com.m2m.management.ManagementApplication - No active profile set, falling back to default profiles: default
2020-05-14 10:23:00.391 [main] INFO  o.s.d.r.config.RepositoryConfigurationDelegate - Bootstrapping Spring Data repositories in DEFAULT mode.
2020-05-14 10:23:00.737 [main] INFO  o.s.d.r.config.RepositoryConfigurationDelegate - Finished Spring Data repository scanning in 312ms. Found 6 repository interfaces.
2020-05-14 10:23:03.121 [main] INFO  o.s.c.s.PostProcessorRegistrationDelegate$BeanPostProcessorChecker - Bean 'org.springframework.transaction.annotation.ProxyTransactionManagementConfiguration' of type [org.springframework.transaction.annotation.ProxyTransactionManagementConfiguration$$EnhancerBySpringCGLIB$$b60667f6] is not eligible for getting processed by all BeanPostProcessors (for example: not eligible for auto-proxying)
2020-05-14 10:23:03.215 [main] INFO  o.s.c.s.PostProcessorRegistrationDelegate$BeanPostProcessorChecker - Bean 'org.springframework.hateoas.config.HateoasConfiguration' of type [org.springframework.hateoas.config.HateoasConfiguration$$EnhancerBySpringCGLIB$$3586b528] is not eligible for getting processed by all BeanPostProcessors (for example: not eligible for auto-proxying)
2020-05-14 10:23:05.081 [main] INFO  o.s.boot.web.embedded.tomcat.TomcatWebServer - Tomcat initialized with port(s): 30019 (http)
2020-05-14 10:23:05.151 [main] INFO  org.apache.coyote.http11.Http11NioProtocol - Initializing ProtocolHandler ["http-nio-30019"]
2020-05-14 10:23:05.211 [main] INFO  org.apache.catalina.core.StandardService - Starting service [Tomcat]
2020-05-14 10:23:05.212 [main] INFO  org.apache.catalina.core.StandardEngine - Starting Servlet Engine: Apache Tomcat/9.0.13
2020-05-14 10:23:05.261 [main] INFO  org.apache.catalina.core.AprLifecycleListener - The APR based Apache Tomcat Native library which allows optimal performance in production environments was not found on the java.library.path: [/usr/java/packages/lib/amd64:/usr/lib64:/lib64:/lib:/usr/lib]
2020-05-14 10:23:05.873 [main] INFO  o.a.c.core.ContainerBase.[Tomcat].[localhost].[/] - Initializing Spring embedded WebApplicationContext
2020-05-14 10:23:05.874 [main] INFO  org.springframework.web.context.ContextLoader - Root WebApplicationContext: initialization completed in 9961 ms
2020-05-14 10:23:06.848 [main] INFO  com.zaxxer.hikari.HikariDataSource - HikariPool-1 - Starting...
2020-05-14 10:23:07.213 [main] INFO  com.zaxxer.hikari.HikariDataSource - HikariPool-1 - Start completed.
2020-05-14 10:23:07.509 [main] INFO  org.hibernate.jpa.internal.util.LogHelper - HHH000204: Processing PersistenceUnitInfo [
	name: default
	...]
2020-05-14 10:23:07.809 [main] INFO  org.hibernate.Version - HHH000412: Hibernate Core {5.3.7.Final}
2020-05-14 10:23:07.815 [main] INFO  org.hibernate.cfg.Environment - HHH000206: hibernate.properties not found
2020-05-14 10:23:08.379 [main] INFO  org.hibernate.annotations.common.Version - HCANN000001: Hibernate Commons Annotations {5.0.4.Final}
2020-05-14 10:23:09.389 [main] INFO  org.hibernate.dialect.Dialect - HHH000400: Using dialect: org.hibernate.dialect.PostgreSQLDialect
2020-05-14 10:23:09.449 [main] INFO  o.h.engine.jdbc.env.internal.LobCreatorBuilderImpl - HHH000422: Disabling contextual LOB creation as connection was null
2020-05-14 10:23:09.467 [main] INFO  org.hibernate.type.BasicTypeRegistry - HHH000270: Type registration [java.util.UUID] overrides previous : org.hibernate.type.UUIDBinaryType@7098b907
2020-05-14 10:23:12.190 [main] DEBUG org.hibernate.SQL - create table public.repo (rid int8 not null, darkname varchar(255) not null, description varchar(32), reponame varchar(255) not null, ts int8, rtid int8 not null, uid int8 not null, primary key (rid))
2020-05-14 10:23:12.216 [main] DEBUG org.hibernate.SQL - create table public.repoapps (raid int8 not null, address varchar(255), description varchar(255), filename varchar(255) not null, license varchar(255), pkgname varchar(255) not null, summary varchar(255), ts int8, versioncode varchar(255), versionname varchar(255) not null, websit varchar(255), rid int8, primary key (raid))
2020-05-14 10:23:12.242 [main] DEBUG org.hibernate.SQL - create table public.repobsps (rbid int8 not null, address varchar(255) not null, boardname varchar(255) not null, description varchar(255), ts int8, versionname varchar(255) not null, rid int8, primary key (rbid))
2020-05-14 10:23:12.266 [main] DEBUG org.hibernate.SQL - create table public.repofiles (rfid int8 not null, address varchar(255) not null, description varchar(255), filename varchar(255) not null, format varchar(255) not null, ts int8, type varchar(255) not null, rid int8, primary key (rfid))
2020-05-14 10:23:12.291 [main] DEBUG org.hibernate.SQL - create table public.repotype (rtid int8 not null, ts int8, typename varchar(255) not null, primary key (rtid))
2020-05-14 10:23:12.307 [main] DEBUG org.hibernate.SQL - alter table public.repo drop constraint UK_n6la5ee0xwcmqddhnrdsbydww
2020-05-14 10:23:12.316 [main] DEBUG org.hibernate.SQL - alter table public.repo add constraint UK_n6la5ee0xwcmqddhnrdsbydww unique (rtid)
2020-05-14 10:23:12.329 [main] DEBUG org.hibernate.SQL - alter table public.repo drop constraint UK_c7k4ma4go27xfaq8cl7kymdbb
2020-05-14 10:23:12.331 [main] DEBUG org.hibernate.SQL - alter table public.repo add constraint UK_c7k4ma4go27xfaq8cl7kymdbb unique (reponame)
2020-05-14 10:23:12.345 [main] DEBUG org.hibernate.SQL - alter table public.repofiles drop constraint UK_2koj7o6t7wi1yhfdnh2yinsew
2020-05-14 10:23:12.347 [main] DEBUG org.hibernate.SQL - alter table public.repofiles add constraint UK_2koj7o6t7wi1yhfdnh2yinsew unique (filename)
2020-05-14 10:23:12.361 [main] DEBUG org.hibernate.SQL - alter table public.repotype drop constraint UK_fn3jidx15tvsu2wes1d6glf50
2020-05-14 10:23:12.363 [main] DEBUG org.hibernate.SQL - alter table public.repotype add constraint UK_fn3jidx15tvsu2wes1d6glf50 unique (typename)
2020-05-14 10:23:12.546 [main] DEBUG org.hibernate.SQL - create sequence repo_rid_seq start 1 increment 1
2020-05-14 10:23:12.552 [main] DEBUG org.hibernate.SQL - create sequence repoapps_raid_seq start 1 increment 1
2020-05-14 10:23:12.559 [main] DEBUG org.hibernate.SQL - create sequence repobsps_rbid_seq start 1 increment 1
2020-05-14 10:23:12.565 [main] DEBUG org.hibernate.SQL - create sequence repofiles_rfid_seq start 1 increment 1
2020-05-14 10:23:12.572 [main] DEBUG org.hibernate.SQL - create sequence repotype_rtid_seq start 1 increment 1
2020-05-14 10:23:12.579 [main] DEBUG org.hibernate.SQL - alter table public.repo add constraint FK5h1g0yvo38otvg2w5kic789le foreign key (rtid) references public.repotype
2020-05-14 10:23:12.585 [main] DEBUG org.hibernate.SQL - alter table public.repo add constraint FKm3yt33inntf9p52sa188rjah5 foreign key (uid) references public.aimuser
2020-05-14 10:23:12.592 [main] DEBUG org.hibernate.SQL - alter table public.repoapps add constraint FKlawcp6bfgipospt9iiyxddepv foreign key (rid) references public.repo
2020-05-14 10:23:12.598 [main] DEBUG org.hibernate.SQL - alter table public.repobsps add constraint FK8nxi8v4mltp3lqmyiy66nyok3 foreign key (rid) references public.repo
2020-05-14 10:23:12.604 [main] DEBUG org.hibernate.SQL - alter table public.repofiles add constraint FKks7igevovj1pdte88gluaoemm foreign key (rid) references public.repo
2020-05-14 10:23:12.616 [main] INFO  o.s.orm.jpa.LocalContainerEntityManagerFactoryBean - Initialized JPA EntityManagerFactory for persistence unit 'default'
2020-05-14 10:23:17.647 [main] INFO  o.s.scheduling.concurrent.ThreadPoolTaskExecutor - Initializing ExecutorService 'applicationTaskExecutor'
2020-05-14 10:23:17.911 [main] WARN  o.s.b.a.o.j.JpaBaseConfiguration$JpaWebConfiguration$JpaWebMvcConfiguration - spring.jpa.open-in-view is enabled by default. Therefore, database queries may be performed during view rendering. Explicitly configure spring.jpa.open-in-view to disable this warning
2020-05-14 10:23:18.556 [main] INFO  o.s.b.a.web.servlet.WelcomePageHandlerMapping - Adding welcome page: class path resource [aStore/index.html]
2020-05-14 10:23:19.847 [main] INFO  org.apache.coyote.http11.Http11NioProtocol - Starting ProtocolHandler ["http-nio-30019"]
2020-05-14 10:23:19.864 [main] INFO  org.apache.tomcat.util.net.NioSelectorPool - Using a shared selector for servlet write/read
2020-05-14 10:23:19.951 [main] INFO  o.s.boot.web.embedded.tomcat.TomcatWebServer - Tomcat started on port(s): 30019 (http) with context path ''
2020-05-14 10:23:19.959 [main] INFO  com.m2m.management.ManagementApplication - Started ManagementApplication in 26.212 seconds (JVM running for 30.313)
2020-05-14 10:23:20.087 [main] INFO  o.h.hql.internal.QueryTranslatorFactoryInitiator - HHH000397: Using ASTQueryTranslatorFactory
2020-05-14 10:23:20.598 [main] DEBUG org.hibernate.SQL - select user0_.uid as uid1_0_, user0_.name as name2_0_, user0_.passwd as passwd3_0_, user0_.ts as ts4_0_ from public.aimuser user0_ where user0_.name=?
2020-05-14 10:23:20.624 [main] TRACE org.hibernate.type.descriptor.sql.BasicBinder - binding parameter [1] as [VARCHAR] - [admin]
2020-05-14 10:23:20.736 [main] DEBUG org.hibernate.SQL - select repotype0_.rtid as rtid1_5_, repotype0_.ts as ts2_5_, repotype0_.typename as typename3_5_ from public.repotype repotype0_ where repotype0_.typename=?
2020-05-14 10:23:20.737 [main] TRACE org.hibernate.type.descriptor.sql.BasicBinder - binding parameter [1] as [VARCHAR] - [appStore]
2020-05-14 10:23:20.793 [main] DEBUG org.hibernate.SQL - select nextval ('repotype_rtid_seq')
2020-05-14 10:23:20.903 [main] DEBUG org.hibernate.SQL - insert into public.repotype (ts, typename, rtid) values (?, ?, ?)
2020-05-14 10:23:20.906 [main] TRACE org.hibernate.type.descriptor.sql.BasicBinder - binding parameter [1] as [BIGINT] - [1589423000741]
2020-05-14 10:23:20.907 [main] TRACE org.hibernate.type.descriptor.sql.BasicBinder - binding parameter [2] as [VARCHAR] - [appStore]
2020-05-14 10:23:20.908 [main] TRACE org.hibernate.type.descriptor.sql.BasicBinder - binding parameter [3] as [BIGINT] - [1]
2020-05-14 10:23:20.923 [main] DEBUG org.hibernate.SQL - select repotype0_.rtid as rtid1_5_, repotype0_.ts as ts2_5_, repotype0_.typename as typename3_5_ from public.repotype repotype0_ where repotype0_.typename=?
2020-05-14 10:23:20.930 [main] TRACE org.hibernate.type.descriptor.sql.BasicBinder - binding parameter [1] as [VARCHAR] - [bspStore]
2020-05-14 10:23:20.934 [main] DEBUG org.hibernate.SQL - select nextval ('repotype_rtid_seq')
2020-05-14 10:23:20.941 [main] DEBUG org.hibernate.SQL - insert into public.repotype (ts, typename, rtid) values (?, ?, ?)
2020-05-14 10:23:20.942 [main] TRACE org.hibernate.type.descriptor.sql.BasicBinder - binding parameter [1] as [BIGINT] - [1589423000932]
2020-05-14 10:23:20.942 [main] TRACE org.hibernate.type.descriptor.sql.BasicBinder - binding parameter [2] as [VARCHAR] - [bspStore]
2020-05-14 10:23:20.946 [main] TRACE org.hibernate.type.descriptor.sql.BasicBinder - binding parameter [3] as [BIGINT] - [2]
2020-05-14 10:23:20.953 [main] DEBUG org.hibernate.SQL - select repotype0_.rtid as rtid1_5_, repotype0_.ts as ts2_5_, repotype0_.typename as typename3_5_ from public.repotype repotype0_ where repotype0_.typename=?
2020-05-14 10:23:20.954 [main] TRACE org.hibernate.type.descriptor.sql.BasicBinder - binding parameter [1] as [VARCHAR] - [fileStore]
2020-05-14 10:23:20.959 [main] DEBUG org.hibernate.SQL - select nextval ('repotype_rtid_seq')
2020-05-14 10:23:20.964 [main] DEBUG org.hibernate.SQL - insert into public.repotype (ts, typename, rtid) values (?, ?, ?)
2020-05-14 10:23:20.966 [main] TRACE org.hibernate.type.descriptor.sql.BasicBinder - binding parameter [1] as [BIGINT] - [1589423000958]
2020-05-14 10:23:20.967 [main] TRACE org.hibernate.type.descriptor.sql.BasicBinder - binding parameter [2] as [VARCHAR] - [fileStore]
2020-05-14 10:23:20.968 [main] TRACE org.hibernate.type.descriptor.sql.BasicBinder - binding parameter [3] as [BIGINT] - [3]
2020-05-14 10:23:20.979 [main] DEBUG org.hibernate.SQL - select repo0_.rid as rid1_1_, repo0_.darkname as darkname2_1_, repo0_.description as descript3_1_, repo0_.reponame as reponame4_1_, repo0_.rtid as rtid6_1_, repo0_.ts as ts5_1_, repo0_.uid as uid7_1_ from public.repo repo0_ where repo0_.reponame=?
2020-05-14 10:23:20.981 [main] TRACE org.hibernate.type.descriptor.sql.BasicBinder - binding parameter [1] as [VARCHAR] - [AndroidApp]
2020-05-14 10:23:20.987 [main] DEBUG org.hibernate.SQL - select user0_.uid as uid1_0_, user0_.name as name2_0_, user0_.passwd as passwd3_0_, user0_.ts as ts4_0_ from public.aimuser user0_ where user0_.name=?
2020-05-14 10:23:20.989 [main] TRACE org.hibernate.type.descriptor.sql.BasicBinder - binding parameter [1] as [VARCHAR] - [admin]
2020-05-14 10:23:20.995 [main] DEBUG org.hibernate.SQL - select repotype0_.rtid as rtid1_5_, repotype0_.ts as ts2_5_, repotype0_.typename as typename3_5_ from public.repotype repotype0_ where repotype0_.typename=?
2020-05-14 10:23:20.997 [main] TRACE org.hibernate.type.descriptor.sql.BasicBinder - binding parameter [1] as [VARCHAR] - [appStore]
2020-05-14 10:23:21.012 [main] DEBUG org.hibernate.SQL - select nextval ('repo_rid_seq')
2020-05-14 10:23:21.020 [main] DEBUG org.hibernate.SQL - insert into public.repo (darkname, description, reponame, rtid, ts, uid, rid) values (?, ?, ?, ?, ?, ?, ?)
2020-05-14 10:23:21.022 [main] TRACE org.hibernate.type.descriptor.sql.BasicBinder - binding parameter [1] as [VARCHAR] - [a8340e5fbd10aa7727195fb239c0a902]
2020-05-14 10:23:21.023 [main] TRACE org.hibernate.type.descriptor.sql.BasicBinder - binding parameter [2] as [VARCHAR] - [store AndroidApp]
2020-05-14 10:23:21.024 [main] TRACE org.hibernate.type.descriptor.sql.BasicBinder - binding parameter [3] as [VARCHAR] - [AndroidApp]
2020-05-14 10:23:21.026 [main] TRACE org.hibernate.type.descriptor.sql.BasicBinder - binding parameter [4] as [BIGINT] - [1]
2020-05-14 10:23:21.028 [main] TRACE org.hibernate.type.descriptor.sql.BasicBinder - binding parameter [5] as [BIGINT] - [1589423001004]
2020-05-14 10:23:21.031 [main] TRACE org.hibernate.type.descriptor.sql.BasicBinder - binding parameter [6] as [BIGINT] - [1]
2020-05-14 10:23:21.033 [main] TRACE org.hibernate.type.descriptor.sql.BasicBinder - binding parameter [7] as [BIGINT] - [1]
2020-05-14 10:23:21.044 [main] DEBUG org.hibernate.SQL - select repo0_.rid as rid1_1_, repo0_.darkname as darkname2_1_, repo0_.description as descript3_1_, repo0_.reponame as reponame4_1_, repo0_.rtid as rtid6_1_, repo0_.ts as ts5_1_, repo0_.uid as uid7_1_ from public.repo repo0_ where repo0_.reponame=?
2020-05-14 10:23:21.046 [main] TRACE org.hibernate.type.descriptor.sql.BasicBinder - binding parameter [1] as [VARCHAR] - [AndroidBsp]
2020-05-14 10:23:21.051 [main] DEBUG org.hibernate.SQL - select user0_.uid as uid1_0_, user0_.name as name2_0_, user0_.passwd as passwd3_0_, user0_.ts as ts4_0_ from public.aimuser user0_ where user0_.name=?
2020-05-14 10:23:21.053 [main] TRACE org.hibernate.type.descriptor.sql.BasicBinder - binding parameter [1] as [VARCHAR] - [admin]
2020-05-14 10:23:21.060 [main] DEBUG org.hibernate.SQL - select repotype0_.rtid as rtid1_5_, repotype0_.ts as ts2_5_, repotype0_.typename as typename3_5_ from public.repotype repotype0_ where repotype0_.typename=?
2020-05-14 10:23:21.062 [main] TRACE org.hibernate.type.descriptor.sql.BasicBinder - binding parameter [1] as [VARCHAR] - [bspStore]
2020-05-14 10:23:21.067 [main] DEBUG org.hibernate.SQL - select nextval ('repo_rid_seq')
2020-05-14 10:23:21.072 [main] DEBUG org.hibernate.SQL - insert into public.repo (darkname, description, reponame, rtid, ts, uid, rid) values (?, ?, ?, ?, ?, ?, ?)
2020-05-14 10:23:21.074 [main] TRACE org.hibernate.type.descriptor.sql.BasicBinder - binding parameter [1] as [VARCHAR] - [7a192df602c49951eb8b26ac3464752f]
2020-05-14 10:23:21.075 [main] TRACE org.hibernate.type.descriptor.sql.BasicBinder - binding parameter [2] as [VARCHAR] - [store AndroidBsp]
2020-05-14 10:23:21.076 [main] TRACE org.hibernate.type.descriptor.sql.BasicBinder - binding parameter [3] as [VARCHAR] - [AndroidBsp]
2020-05-14 10:23:21.076 [main] TRACE org.hibernate.type.descriptor.sql.BasicBinder - binding parameter [4] as [BIGINT] - [2]
2020-05-14 10:23:21.077 [main] TRACE org.hibernate.type.descriptor.sql.BasicBinder - binding parameter [5] as [BIGINT] - [1589423001066]
2020-05-14 10:23:21.078 [main] TRACE org.hibernate.type.descriptor.sql.BasicBinder - binding parameter [6] as [BIGINT] - [1]
2020-05-14 10:23:21.079 [main] TRACE org.hibernate.type.descriptor.sql.BasicBinder - binding parameter [7] as [BIGINT] - [2]
2020-05-14 10:23:21.085 [main] DEBUG org.hibernate.SQL - select repo0_.rid as rid1_1_, repo0_.darkname as darkname2_1_, repo0_.description as descript3_1_, repo0_.reponame as reponame4_1_, repo0_.rtid as rtid6_1_, repo0_.ts as ts5_1_, repo0_.uid as uid7_1_ from public.repo repo0_ where repo0_.reponame=?
2020-05-14 10:23:21.087 [main] TRACE org.hibernate.type.descriptor.sql.BasicBinder - binding parameter [1] as [VARCHAR] - [AndroidFile]
2020-05-14 10:23:21.091 [main] DEBUG org.hibernate.SQL - select user0_.uid as uid1_0_, user0_.name as name2_0_, user0_.passwd as passwd3_0_, user0_.ts as ts4_0_ from public.aimuser user0_ where user0_.name=?
2020-05-14 10:23:21.093 [main] TRACE org.hibernate.type.descriptor.sql.BasicBinder - binding parameter [1] as [VARCHAR] - [admin]
2020-05-14 10:23:21.098 [main] DEBUG org.hibernate.SQL - select repotype0_.rtid as rtid1_5_, repotype0_.ts as ts2_5_, repotype0_.typename as typename3_5_ from public.repotype repotype0_ where repotype0_.typename=?
2020-05-14 10:23:21.100 [main] TRACE org.hibernate.type.descriptor.sql.BasicBinder - binding parameter [1] as [VARCHAR] - [fileStore]
2020-05-14 10:23:21.105 [main] DEBUG org.hibernate.SQL - select nextval ('repo_rid_seq')
2020-05-14 10:23:21.109 [main] DEBUG org.hibernate.SQL - insert into public.repo (darkname, description, reponame, rtid, ts, uid, rid) values (?, ?, ?, ?, ?, ?, ?)
2020-05-14 10:23:21.111 [main] TRACE org.hibernate.type.descriptor.sql.BasicBinder - binding parameter [1] as [VARCHAR] - [01c8794a94ad4d1eac4e7eaf191a1291]
2020-05-14 10:23:21.111 [main] TRACE org.hibernate.type.descriptor.sql.BasicBinder - binding parameter [2] as [VARCHAR] - [store AndroidFile]
2020-05-14 10:23:21.112 [main] TRACE org.hibernate.type.descriptor.sql.BasicBinder - binding parameter [3] as [VARCHAR] - [AndroidFile]
2020-05-14 10:23:21.113 [main] TRACE org.hibernate.type.descriptor.sql.BasicBinder - binding parameter [4] as [BIGINT] - [3]
2020-05-14 10:23:21.114 [main] TRACE org.hibernate.type.descriptor.sql.BasicBinder - binding parameter [5] as [BIGINT] - [1589423001104]
2020-05-14 10:23:21.115 [main] TRACE org.hibernate.type.descriptor.sql.BasicBinder - binding parameter [6] as [BIGINT] - [1]
2020-05-14 10:23:21.116 [main] TRACE org.hibernate.type.descriptor.sql.BasicBinder - binding parameter [7] as [BIGINT] - [3]
2020-05-14 10:24:20.627 [http-nio-30019-exec-1] INFO  o.a.c.core.ContainerBase.[Tomcat].[localhost].[/] - Initializing Spring DispatcherServlet 'dispatcherServlet'
2020-05-14 10:24:20.630 [http-nio-30019-exec-1] INFO  org.springframework.web.servlet.DispatcherServlet - Initializing Servlet 'dispatcherServlet'
2020-05-14 10:24:20.700 [http-nio-30019-exec-1] INFO  org.springframework.web.servlet.DispatcherServlet - Completed initialization in 70 ms
2020-05-14 10:24:35.787 [http-nio-30019-exec-8] DEBUG org.hibernate.SQL - select user0_.uid as uid1_0_, user0_.name as name2_0_, user0_.passwd as passwd3_0_, user0_.ts as ts4_0_ from public.aimuser user0_ where user0_.name=?
2020-05-14 10:24:35.793 [http-nio-30019-exec-8] TRACE org.hibernate.type.descriptor.sql.BasicBinder - binding parameter [1] as [VARCHAR] - [admin]
2020-05-14 10:24:35.839 [http-nio-30019-exec-8] INFO  com.m2m.management.controller.LoginController - admin
2020-05-14 10:24:37.141 [http-nio-30019-exec-10] DEBUG org.hibernate.SQL - select repo0_.rid as rid1_1_, repo0_.darkname as darkname2_1_, repo0_.description as descript3_1_, repo0_.reponame as reponame4_1_, repo0_.rtid as rtid6_1_, repo0_.ts as ts5_1_, repo0_.uid as uid7_1_ from public.repo repo0_ where repo0_.reponame like ? order by repo0_.ts desc limit ?
2020-05-14 10:24:37.144 [http-nio-30019-exec-10] TRACE org.hibernate.type.descriptor.sql.BasicBinder - binding parameter [1] as [VARCHAR] - [%%]
2020-05-14 10:24:37.145 [http-nio-30019-exec-9] DEBUG org.hibernate.SQL - select repoapp0_.raid as raid1_2_, repoapp0_.address as address2_2_, repoapp0_.description as descript3_2_, repoapp0_.filename as filename4_2_, repoapp0_.license as license5_2_, repoapp0_.pkgname as pkgname6_2_, repoapp0_.rid as rid12_2_, repoapp0_.summary as summary7_2_, repoapp0_.ts as ts8_2_, repoapp0_.versioncode as versionc9_2_, repoapp0_.versionname as version10_2_, repoapp0_.websit as websit11_2_ from public.repoapps repoapp0_ where repoapp0_.filename like ? order by repoapp0_.ts desc limit ?
2020-05-14 10:24:37.163 [http-nio-30019-exec-9] TRACE org.hibernate.type.descriptor.sql.BasicBinder - binding parameter [1] as [VARCHAR] - [%%]
2020-05-14 10:24:37.172 [http-nio-30019-exec-10] DEBUG org.hibernate.SQL - select repotype0_.rtid as rtid1_5_0_, repotype0_.ts as ts2_5_0_, repotype0_.typename as typename3_5_0_ from public.repotype repotype0_ where repotype0_.rtid=?
2020-05-14 10:24:37.173 [http-nio-30019-exec-10] TRACE org.hibernate.type.descriptor.sql.BasicBinder - binding parameter [1] as [BIGINT] - [3]
2020-05-14 10:24:37.190 [http-nio-30019-exec-10] DEBUG org.hibernate.SQL - select user0_.uid as uid1_0_0_, user0_.name as name2_0_0_, user0_.passwd as passwd3_0_0_, user0_.ts as ts4_0_0_ from public.aimuser user0_ where user0_.uid=?
2020-05-14 10:24:37.191 [http-nio-30019-exec-10] TRACE org.hibernate.type.descriptor.sql.BasicBinder - binding parameter [1] as [BIGINT] - [1]
2020-05-14 10:24:37.195 [http-nio-30019-exec-10] DEBUG org.hibernate.SQL - select repotype0_.rtid as rtid1_5_0_, repotype0_.ts as ts2_5_0_, repotype0_.typename as typename3_5_0_ from public.repotype repotype0_ where repotype0_.rtid=?
2020-05-14 10:24:37.197 [http-nio-30019-exec-10] TRACE org.hibernate.type.descriptor.sql.BasicBinder - binding parameter [1] as [BIGINT] - [2]
2020-05-14 10:24:37.200 [http-nio-30019-exec-10] DEBUG org.hibernate.SQL - select repotype0_.rtid as rtid1_5_0_, repotype0_.ts as ts2_5_0_, repotype0_.typename as typename3_5_0_ from public.repotype repotype0_ where repotype0_.rtid=?
2020-05-14 10:24:37.201 [http-nio-30019-exec-10] TRACE org.hibernate.type.descriptor.sql.BasicBinder - binding parameter [1] as [BIGINT] - [1]
2020-05-14 10:24:37.214 [http-nio-30019-exec-10] DEBUG org.hibernate.SQL - select count(*) as col_0_0_ from public.repo repo0_
2020-05-14 10:24:37.207 [http-nio-30019-exec-9] DEBUG org.hibernate.SQL - select count(*) as col_0_0_ from public.repoapps repoapp0_
2020-05-14 10:24:40.553 [http-nio-30019-exec-1] DEBUG org.hibernate.SQL - select repobsp0_.rbid as rbid1_3_, repobsp0_.address as address2_3_, repobsp0_.boardname as boardnam3_3_, repobsp0_.description as descript4_3_, repobsp0_.rid as rid7_3_, repobsp0_.ts as ts5_3_, repobsp0_.versionname as versionn6_3_ from public.repobsps repobsp0_ where repobsp0_.boardname like ? order by repobsp0_.ts desc limit ?
2020-05-14 10:24:40.555 [http-nio-30019-exec-1] TRACE org.hibernate.type.descriptor.sql.BasicBinder - binding parameter [1] as [VARCHAR] - [%%]
2020-05-14 10:24:40.565 [http-nio-30019-exec-1] DEBUG org.hibernate.SQL - select count(*) as col_0_0_ from public.repobsps repobsp0_
2020-05-14 10:24:41.745 [http-nio-30019-exec-3] DEBUG org.hibernate.SQL - select repo0_.rid as rid1_1_, repo0_.darkname as darkname2_1_, repo0_.description as descript3_1_, repo0_.reponame as reponame4_1_, repo0_.rtid as rtid6_1_, repo0_.ts as ts5_1_, repo0_.uid as uid7_1_ from public.repo repo0_ where repo0_.reponame like ? order by repo0_.ts desc limit ?
2020-05-14 10:24:41.747 [http-nio-30019-exec-4] DEBUG org.hibernate.SQL - select repoapp0_.raid as raid1_2_, repoapp0_.address as address2_2_, repoapp0_.description as descript3_2_, repoapp0_.filename as filename4_2_, repoapp0_.license as license5_2_, repoapp0_.pkgname as pkgname6_2_, repoapp0_.rid as rid12_2_, repoapp0_.summary as summary7_2_, repoapp0_.ts as ts8_2_, repoapp0_.versioncode as versionc9_2_, repoapp0_.versionname as version10_2_, repoapp0_.websit as websit11_2_ from public.repoapps repoapp0_ where repoapp0_.filename like ? order by repoapp0_.ts desc limit ?
2020-05-14 10:24:41.751 [http-nio-30019-exec-3] TRACE org.hibernate.type.descriptor.sql.BasicBinder - binding parameter [1] as [VARCHAR] - [%%]
2020-05-14 10:24:41.757 [http-nio-30019-exec-4] TRACE org.hibernate.type.descriptor.sql.BasicBinder - binding parameter [1] as [VARCHAR] - [%%]
2020-05-14 10:24:41.759 [http-nio-30019-exec-3] DEBUG org.hibernate.SQL - select repotype0_.rtid as rtid1_5_0_, repotype0_.ts as ts2_5_0_, repotype0_.typename as typename3_5_0_ from public.repotype repotype0_ where repotype0_.rtid=?
2020-05-14 10:24:41.760 [http-nio-30019-exec-3] TRACE org.hibernate.type.descriptor.sql.BasicBinder - binding parameter [1] as [BIGINT] - [3]
2020-05-14 10:24:41.762 [http-nio-30019-exec-3] DEBUG org.hibernate.SQL - select user0_.uid as uid1_0_0_, user0_.name as name2_0_0_, user0_.passwd as passwd3_0_0_, user0_.ts as ts4_0_0_ from public.aimuser user0_ where user0_.uid=?
2020-05-14 10:24:41.763 [http-nio-30019-exec-3] TRACE org.hibernate.type.descriptor.sql.BasicBinder - binding parameter [1] as [BIGINT] - [1]
2020-05-14 10:24:41.766 [http-nio-30019-exec-3] DEBUG org.hibernate.SQL - select repotype0_.rtid as rtid1_5_0_, repotype0_.ts as ts2_5_0_, repotype0_.typename as typename3_5_0_ from public.repotype repotype0_ where repotype0_.rtid=?
2020-05-14 10:24:41.767 [http-nio-30019-exec-3] TRACE org.hibernate.type.descriptor.sql.BasicBinder - binding parameter [1] as [BIGINT] - [2]
2020-05-14 10:24:41.769 [http-nio-30019-exec-4] DEBUG org.hibernate.SQL - select count(*) as col_0_0_ from public.repoapps repoapp0_
2020-05-14 10:24:41.773 [http-nio-30019-exec-3] DEBUG org.hibernate.SQL - select repotype0_.rtid as rtid1_5_0_, repotype0_.ts as ts2_5_0_, repotype0_.typename as typename3_5_0_ from public.repotype repotype0_ where repotype0_.rtid=?
2020-05-14 10:24:41.774 [http-nio-30019-exec-3] TRACE org.hibernate.type.descriptor.sql.BasicBinder - binding parameter [1] as [BIGINT] - [1]
2020-05-14 10:24:41.780 [http-nio-30019-exec-3] DEBUG org.hibernate.SQL - select count(*) as col_0_0_ from public.repo repo0_
2020-05-14 10:25:56.908 [http-nio-30019-exec-7] DEBUG org.hibernate.SQL - select repoapp0_.raid as raid1_2_, repoapp0_.address as address2_2_, repoapp0_.description as descript3_2_, repoapp0_.filename as filename4_2_, repoapp0_.license as license5_2_, repoapp0_.pkgname as pkgname6_2_, repoapp0_.rid as rid12_2_, repoapp0_.summary as summary7_2_, repoapp0_.ts as ts8_2_, repoapp0_.versioncode as versionc9_2_, repoapp0_.versionname as version10_2_, repoapp0_.websit as websit11_2_ from public.repoapps repoapp0_ where repoapp0_.pkgname=? and repoapp0_.versionname=? and repoapp0_.filename=?
2020-05-14 10:25:56.919 [http-nio-30019-exec-7] TRACE org.hibernate.type.descriptor.sql.BasicBinder - binding parameter [1] as [VARCHAR] - [com.advantech.serialport]
2020-05-14 10:25:56.920 [http-nio-30019-exec-7] TRACE org.hibernate.type.descriptor.sql.BasicBinder - binding parameter [2] as [VARCHAR] - [0.4.47a7327.20191127]
2020-05-14 10:25:56.920 [http-nio-30019-exec-7] TRACE org.hibernate.type.descriptor.sql.BasicBinder - binding parameter [3] as [VARCHAR] - [ComPort_v0.4.47a7327.20191127_release.apk]
2020-05-14 10:25:56.927 [http-nio-30019-exec-7] DEBUG org.hibernate.SQL - select repoapp0_.raid as raid1_2_, repoapp0_.address as address2_2_, repoapp0_.description as descript3_2_, repoapp0_.filename as filename4_2_, repoapp0_.license as license5_2_, repoapp0_.pkgname as pkgname6_2_, repoapp0_.rid as rid12_2_, repoapp0_.summary as summary7_2_, repoapp0_.ts as ts8_2_, repoapp0_.versioncode as versionc9_2_, repoapp0_.versionname as version10_2_, repoapp0_.websit as websit11_2_ from public.repoapps repoapp0_ where repoapp0_.pkgname=? and repoapp0_.versionname=? and repoapp0_.filename=?
2020-05-14 10:25:56.928 [http-nio-30019-exec-7] TRACE org.hibernate.type.descriptor.sql.BasicBinder - binding parameter [1] as [VARCHAR] - [com.advantech.serialport]
2020-05-14 10:25:56.928 [http-nio-30019-exec-7] TRACE org.hibernate.type.descriptor.sql.BasicBinder - binding parameter [2] as [VARCHAR] - [0.4.47a7327.20191127]
2020-05-14 10:25:56.929 [http-nio-30019-exec-7] TRACE org.hibernate.type.descriptor.sql.BasicBinder - binding parameter [3] as [VARCHAR] - [ComPort_v0.4.47a7327.20191127_release.apk]
2020-05-14 10:25:56.951 [http-nio-30019-exec-7] DEBUG org.hibernate.SQL - select repo0_.rid as rid1_1_0_, repo0_.darkname as darkname2_1_0_, repo0_.description as descript3_1_0_, repo0_.reponame as reponame4_1_0_, repo0_.rtid as rtid6_1_0_, repo0_.ts as ts5_1_0_, repo0_.uid as uid7_1_0_, repotype1_.rtid as rtid1_5_1_, repotype1_.ts as ts2_5_1_, repotype1_.typename as typename3_5_1_, user2_.uid as uid1_0_2_, user2_.name as name2_0_2_, user2_.passwd as passwd3_0_2_, user2_.ts as ts4_0_2_ from public.repo repo0_ inner join public.repotype repotype1_ on repo0_.rtid=repotype1_.rtid inner join public.aimuser user2_ on repo0_.uid=user2_.uid where repo0_.rid=?
2020-05-14 10:25:56.954 [http-nio-30019-exec-7] TRACE org.hibernate.type.descriptor.sql.BasicBinder - binding parameter [1] as [BIGINT] - [1]
2020-05-14 10:25:56.977 [http-nio-30019-exec-7] DEBUG org.hibernate.SQL - select nextval ('repoapps_raid_seq')
2020-05-14 10:25:56.983 [http-nio-30019-exec-7] DEBUG org.hibernate.SQL - insert into public.repoapps (address, description, filename, license, pkgname, rid, summary, ts, versioncode, versionname, websit, raid) values (?, ?, ?, ?, ?, ?, ?, ?, ?, ?, ?, ?)
2020-05-14 10:25:56.984 [http-nio-30019-exec-7] TRACE org.hibernate.type.descriptor.sql.BasicBinder - binding parameter [1] as [VARCHAR] - [/DEPLOYREPO/a8340e5fbd10aa7727195fb239c0a902/com.advantech.serialport/0.4.47a7327.20191127]
2020-05-14 10:25:56.985 [http-nio-30019-exec-7] TRACE org.hibernate.type.descriptor.sql.BasicBinder - binding parameter [2] as [VARCHAR] - [ewfdewfref]
2020-05-14 10:25:56.986 [http-nio-30019-exec-7] TRACE org.hibernate.type.descriptor.sql.BasicBinder - binding parameter [3] as [VARCHAR] - [ComPort_v0.4.47a7327.20191127_release.apk]
2020-05-14 10:25:56.986 [http-nio-30019-exec-7] TRACE org.hibernate.type.descriptor.sql.BasicBinder - binding parameter [4] as [VARCHAR] - []
2020-05-14 10:25:56.987 [http-nio-30019-exec-7] TRACE org.hibernate.type.descriptor.sql.BasicBinder - binding parameter [5] as [VARCHAR] - [com.advantech.serialport]
2020-05-14 10:25:56.987 [http-nio-30019-exec-7] TRACE org.hibernate.type.descriptor.sql.BasicBinder - binding parameter [6] as [BIGINT] - [1]
2020-05-14 10:25:56.988 [http-nio-30019-exec-7] TRACE org.hibernate.type.descriptor.sql.BasicBinder - binding parameter [7] as [VARCHAR] - []
2020-05-14 10:25:56.989 [http-nio-30019-exec-7] TRACE org.hibernate.type.descriptor.sql.BasicBinder - binding parameter [8] as [BIGINT] - [1589423156970]
2020-05-14 10:25:56.989 [http-nio-30019-exec-7] TRACE org.hibernate.type.descriptor.sql.BasicBinder - binding parameter [9] as [VARCHAR] - [4]
2020-05-14 10:25:56.990 [http-nio-30019-exec-7] TRACE org.hibernate.type.descriptor.sql.BasicBinder - binding parameter [10] as [VARCHAR] - [0.4.47a7327.20191127]
2020-05-14 10:25:56.990 [http-nio-30019-exec-7] TRACE org.hibernate.type.descriptor.sql.BasicBinder - binding parameter [11] as [VARCHAR] - []
2020-05-14 10:25:56.991 [http-nio-30019-exec-7] TRACE org.hibernate.type.descriptor.sql.BasicBinder - binding parameter [12] as [BIGINT] - [1]
2020-05-14 10:25:58.170 [http-nio-30019-exec-9] DEBUG org.hibernate.SQL - select repoapp0_.raid as raid1_2_, repoapp0_.address as address2_2_, repoapp0_.description as descript3_2_, repoapp0_.filename as filename4_2_, repoapp0_.license as license5_2_, repoapp0_.pkgname as pkgname6_2_, repoapp0_.rid as rid12_2_, repoapp0_.summary as summary7_2_, repoapp0_.ts as ts8_2_, repoapp0_.versioncode as versionc9_2_, repoapp0_.versionname as version10_2_, repoapp0_.websit as websit11_2_ from public.repoapps repoapp0_ where repoapp0_.filename like ? order by repoapp0_.ts desc limit ?
2020-05-14 10:25:58.172 [http-nio-30019-exec-9] TRACE org.hibernate.type.descriptor.sql.BasicBinder - binding parameter [1] as [VARCHAR] - [%%]
2020-05-14 10:25:58.176 [http-nio-30019-exec-9] DEBUG org.hibernate.SQL - select repo0_.rid as rid1_1_0_, repo0_.darkname as darkname2_1_0_, repo0_.description as descript3_1_0_, repo0_.reponame as reponame4_1_0_, repo0_.rtid as rtid6_1_0_, repo0_.ts as ts5_1_0_, repo0_.uid as uid7_1_0_, repotype1_.rtid as rtid1_5_1_, repotype1_.ts as ts2_5_1_, repotype1_.typename as typename3_5_1_, user2_.uid as uid1_0_2_, user2_.name as name2_0_2_, user2_.passwd as passwd3_0_2_, user2_.ts as ts4_0_2_ from public.repo repo0_ inner join public.repotype repotype1_ on repo0_.rtid=repotype1_.rtid inner join public.aimuser user2_ on repo0_.uid=user2_.uid where repo0_.rid=?
2020-05-14 10:25:58.177 [http-nio-30019-exec-9] TRACE org.hibernate.type.descriptor.sql.BasicBinder - binding parameter [1] as [BIGINT] - [1]
2020-05-14 10:25:58.188 [http-nio-30019-exec-9] DEBUG org.hibernate.SQL - select count(*) as col_0_0_ from public.repoapps repoapp0_
2020-05-14 10:48:14.516 [main] INFO  com.m2m.management.ManagementApplication - Starting ManagementApplication v0.0.1-SNAPSHOT on 100a7d706be2 with PID 227 (/root/adv/astore.jar started by root in /root/adv)
2020-05-14 10:48:14.531 [main] INFO  com.m2m.management.ManagementApplication - No active profile set, falling back to default profiles: default
2020-05-14 10:48:17.651 [main] INFO  o.s.d.r.config.RepositoryConfigurationDelegate - Bootstrapping Spring Data repositories in DEFAULT mode.
2020-05-14 10:48:17.976 [main] INFO  o.s.d.r.config.RepositoryConfigurationDelegate - Finished Spring Data repository scanning in 295ms. Found 6 repository interfaces.
2020-05-14 10:48:20.324 [main] INFO  o.s.c.s.PostProcessorRegistrationDelegate$BeanPostProcessorChecker - Bean 'org.springframework.transaction.annotation.ProxyTransactionManagementConfiguration' of type [org.springframework.transaction.annotation.ProxyTransactionManagementConfiguration$$EnhancerBySpringCGLIB$$d906187b] is not eligible for getting processed by all BeanPostProcessors (for example: not eligible for auto-proxying)
2020-05-14 10:48:20.413 [main] INFO  o.s.c.s.PostProcessorRegistrationDelegate$BeanPostProcessorChecker - Bean 'org.springframework.hateoas.config.HateoasConfiguration' of type [org.springframework.hateoas.config.HateoasConfiguration$$EnhancerBySpringCGLIB$$588665ad] is not eligible for getting processed by all BeanPostProcessors (for example: not eligible for auto-proxying)
2020-05-14 10:48:22.209 [main] INFO  o.s.boot.web.embedded.tomcat.TomcatWebServer - Tomcat initialized with port(s): 30019 (http)
2020-05-14 10:48:22.279 [main] INFO  org.apache.coyote.http11.Http11NioProtocol - Initializing ProtocolHandler ["http-nio-30019"]
2020-05-14 10:48:22.328 [main] INFO  org.apache.catalina.core.StandardService - Starting service [Tomcat]
2020-05-14 10:48:22.330 [main] INFO  org.apache.catalina.core.StandardEngine - Starting Servlet Engine: Apache Tomcat/9.0.13
2020-05-14 10:48:22.373 [main] INFO  org.apache.catalina.core.AprLifecycleListener - The APR based Apache Tomcat Native library which allows optimal performance in production environments was not found on the java.library.path: [/usr/java/packages/lib/amd64:/usr/lib64:/lib64:/lib:/usr/lib]
2020-05-14 10:48:22.911 [main] INFO  o.a.c.core.ContainerBase.[Tomcat].[localhost].[/] - Initializing Spring embedded WebApplicationContext
2020-05-14 10:48:22.912 [main] INFO  org.springframework.web.context.ContextLoader - Root WebApplicationContext: initialization completed in 8122 ms
2020-05-14 10:48:23.891 [main] INFO  com.zaxxer.hikari.HikariDataSource - HikariPool-1 - Starting...
2020-05-14 10:48:24.237 [main] INFO  com.zaxxer.hikari.HikariDataSource - HikariPool-1 - Start completed.
2020-05-14 10:48:24.518 [main] INFO  org.hibernate.jpa.internal.util.LogHelper - HHH000204: Processing PersistenceUnitInfo [
	name: default
	...]
2020-05-14 10:48:24.768 [main] INFO  org.hibernate.Version - HHH000412: Hibernate Core {5.3.7.Final}
2020-05-14 10:48:24.774 [main] INFO  org.hibernate.cfg.Environment - HHH000206: hibernate.properties not found
2020-05-14 10:48:25.278 [main] INFO  org.hibernate.annotations.common.Version - HCANN000001: Hibernate Commons Annotations {5.0.4.Final}
2020-05-14 10:48:26.255 [main] INFO  org.hibernate.dialect.Dialect - HHH000400: Using dialect: org.hibernate.dialect.PostgreSQLDialect
2020-05-14 10:48:26.317 [main] INFO  o.h.engine.jdbc.env.internal.LobCreatorBuilderImpl - HHH000422: Disabling contextual LOB creation as connection was null
2020-05-14 10:48:26.336 [main] INFO  org.hibernate.type.BasicTypeRegistry - HHH000270: Type registration [java.util.UUID] overrides previous : org.hibernate.type.UUIDBinaryType@60db1c0e
2020-05-14 10:48:29.096 [main] DEBUG org.hibernate.SQL - create table public.repo (rid int8 not null, darkname varchar(255) not null, description varchar(32), reponame varchar(255) not null, ts int8, rtid int8 not null, uid int8 not null, primary key (rid))
2020-05-14 10:48:29.123 [main] DEBUG org.hibernate.SQL - create table public.repoapps (raid int8 not null, address varchar(255), description varchar(255), filename varchar(255) not null, license varchar(255), pkgname varchar(255) not null, summary varchar(255), ts int8, versioncode varchar(255), versionname varchar(255) not null, websit varchar(255), rid int8, primary key (raid))
2020-05-14 10:48:29.148 [main] DEBUG org.hibernate.SQL - create table public.repobsps (rbid int8 not null, address varchar(255) not null, boardname varchar(255) not null, description varchar(255), ts int8, versionname varchar(255) not null, rid int8, primary key (rbid))
2020-05-14 10:48:29.173 [main] DEBUG org.hibernate.SQL - create table public.repofiles (rfid int8 not null, address varchar(255) not null, description varchar(255), filename varchar(255) not null, format varchar(255) not null, ts int8, type varchar(255) not null, rid int8, primary key (rfid))
2020-05-14 10:48:29.199 [main] DEBUG org.hibernate.SQL - create table public.repotype (rtid int8 not null, ts int8, typename varchar(255) not null, primary key (rtid))
2020-05-14 10:48:29.214 [main] DEBUG org.hibernate.SQL - alter table public.repo drop constraint UK_n6la5ee0xwcmqddhnrdsbydww
2020-05-14 10:48:29.223 [main] DEBUG org.hibernate.SQL - alter table public.repo add constraint UK_n6la5ee0xwcmqddhnrdsbydww unique (rtid)
2020-05-14 10:48:29.236 [main] DEBUG org.hibernate.SQL - alter table public.repo drop constraint UK_c7k4ma4go27xfaq8cl7kymdbb
2020-05-14 10:48:29.239 [main] DEBUG org.hibernate.SQL - alter table public.repo add constraint UK_c7k4ma4go27xfaq8cl7kymdbb unique (reponame)
2020-05-14 10:48:29.253 [main] DEBUG org.hibernate.SQL - alter table public.repofiles drop constraint UK_2koj7o6t7wi1yhfdnh2yinsew
2020-05-14 10:48:29.255 [main] DEBUG org.hibernate.SQL - alter table public.repofiles add constraint UK_2koj7o6t7wi1yhfdnh2yinsew unique (filename)
2020-05-14 10:48:29.268 [main] DEBUG org.hibernate.SQL - alter table public.repotype drop constraint UK_fn3jidx15tvsu2wes1d6glf50
2020-05-14 10:48:29.270 [main] DEBUG org.hibernate.SQL - alter table public.repotype add constraint UK_fn3jidx15tvsu2wes1d6glf50 unique (typename)
2020-05-14 10:48:29.441 [main] DEBUG org.hibernate.SQL - create sequence repo_rid_seq start 1 increment 1
2020-05-14 10:48:29.446 [main] DEBUG org.hibernate.SQL - create sequence repoapps_raid_seq start 1 increment 1
2020-05-14 10:48:29.452 [main] DEBUG org.hibernate.SQL - create sequence repobsps_rbid_seq start 1 increment 1
2020-05-14 10:48:29.456 [main] DEBUG org.hibernate.SQL - create sequence repofiles_rfid_seq start 1 increment 1
2020-05-14 10:48:29.461 [main] DEBUG org.hibernate.SQL - create sequence repotype_rtid_seq start 1 increment 1
2020-05-14 10:48:29.467 [main] DEBUG org.hibernate.SQL - alter table public.repo add constraint FK5h1g0yvo38otvg2w5kic789le foreign key (rtid) references public.repotype
2020-05-14 10:48:29.473 [main] DEBUG org.hibernate.SQL - alter table public.repo add constraint FKm3yt33inntf9p52sa188rjah5 foreign key (uid) references public.aimuser
2020-05-14 10:48:29.480 [main] DEBUG org.hibernate.SQL - alter table public.repoapps add constraint FKlawcp6bfgipospt9iiyxddepv foreign key (rid) references public.repo
2020-05-14 10:48:29.486 [main] DEBUG org.hibernate.SQL - alter table public.repobsps add constraint FK8nxi8v4mltp3lqmyiy66nyok3 foreign key (rid) references public.repo
2020-05-14 10:48:29.493 [main] DEBUG org.hibernate.SQL - alter table public.repofiles add constraint FKks7igevovj1pdte88gluaoemm foreign key (rid) references public.repo
2020-05-14 10:48:29.506 [main] INFO  o.s.orm.jpa.LocalContainerEntityManagerFactoryBean - Initialized JPA EntityManagerFactory for persistence unit 'default'
2020-05-14 10:48:34.296 [main] INFO  o.s.scheduling.concurrent.ThreadPoolTaskExecutor - Initializing ExecutorService 'applicationTaskExecutor'
2020-05-14 10:48:34.540 [main] WARN  o.s.b.a.o.j.JpaBaseConfiguration$JpaWebConfiguration$JpaWebMvcConfiguration - spring.jpa.open-in-view is enabled by default. Therefore, database queries may be performed during view rendering. Explicitly configure spring.jpa.open-in-view to disable this warning
2020-05-14 10:48:35.147 [main] INFO  o.s.b.a.web.servlet.WelcomePageHandlerMapping - Adding welcome page: class path resource [aStore/index.html]
2020-05-14 10:48:36.328 [main] INFO  org.apache.coyote.http11.Http11NioProtocol - Starting ProtocolHandler ["http-nio-30019"]
2020-05-14 10:48:36.343 [main] INFO  org.apache.tomcat.util.net.NioSelectorPool - Using a shared selector for servlet write/read
2020-05-14 10:48:36.428 [main] INFO  o.s.boot.web.embedded.tomcat.TomcatWebServer - Tomcat started on port(s): 30019 (http) with context path ''
2020-05-14 10:48:36.436 [main] INFO  com.m2m.management.ManagementApplication - Started ManagementApplication in 23.256 seconds (JVM running for 25.534)
2020-05-14 10:48:36.534 [main] INFO  o.h.hql.internal.QueryTranslatorFactoryInitiator - HHH000397: Using ASTQueryTranslatorFactory
2020-05-14 10:48:37.020 [main] DEBUG org.hibernate.SQL - select user0_.uid as uid1_0_, user0_.name as name2_0_, user0_.passwd as passwd3_0_, user0_.ts as ts4_0_ from public.aimuser user0_ where user0_.name=?
2020-05-14 10:48:37.040 [main] TRACE org.hibernate.type.descriptor.sql.BasicBinder - binding parameter [1] as [VARCHAR] - [admin]
2020-05-14 10:48:37.131 [main] DEBUG org.hibernate.SQL - select repotype0_.rtid as rtid1_5_, repotype0_.ts as ts2_5_, repotype0_.typename as typename3_5_ from public.repotype repotype0_ where repotype0_.typename=?
2020-05-14 10:48:37.133 [main] TRACE org.hibernate.type.descriptor.sql.BasicBinder - binding parameter [1] as [VARCHAR] - [appStore]
2020-05-14 10:48:37.182 [main] DEBUG org.hibernate.SQL - select nextval ('repotype_rtid_seq')
2020-05-14 10:48:37.280 [main] DEBUG org.hibernate.SQL - insert into public.repotype (ts, typename, rtid) values (?, ?, ?)
2020-05-14 10:48:37.283 [main] TRACE org.hibernate.type.descriptor.sql.BasicBinder - binding parameter [1] as [BIGINT] - [1589424517135]
2020-05-14 10:48:37.284 [main] TRACE org.hibernate.type.descriptor.sql.BasicBinder - binding parameter [2] as [VARCHAR] - [appStore]
2020-05-14 10:48:37.284 [main] TRACE org.hibernate.type.descriptor.sql.BasicBinder - binding parameter [3] as [BIGINT] - [1]
2020-05-14 10:48:37.298 [main] DEBUG org.hibernate.SQL - select repotype0_.rtid as rtid1_5_, repotype0_.ts as ts2_5_, repotype0_.typename as typename3_5_ from public.repotype repotype0_ where repotype0_.typename=?
2020-05-14 10:48:37.300 [main] TRACE org.hibernate.type.descriptor.sql.BasicBinder - binding parameter [1] as [VARCHAR] - [bspStore]
2020-05-14 10:48:37.304 [main] DEBUG org.hibernate.SQL - select nextval ('repotype_rtid_seq')
2020-05-14 10:48:37.307 [main] DEBUG org.hibernate.SQL - insert into public.repotype (ts, typename, rtid) values (?, ?, ?)
2020-05-14 10:48:37.308 [main] TRACE org.hibernate.type.descriptor.sql.BasicBinder - binding parameter [1] as [BIGINT] - [1589424517303]
2020-05-14 10:48:37.309 [main] TRACE org.hibernate.type.descriptor.sql.BasicBinder - binding parameter [2] as [VARCHAR] - [bspStore]
2020-05-14 10:48:37.309 [main] TRACE org.hibernate.type.descriptor.sql.BasicBinder - binding parameter [3] as [BIGINT] - [2]
2020-05-14 10:48:37.316 [main] DEBUG org.hibernate.SQL - select repotype0_.rtid as rtid1_5_, repotype0_.ts as ts2_5_, repotype0_.typename as typename3_5_ from public.repotype repotype0_ where repotype0_.typename=?
2020-05-14 10:48:37.317 [main] TRACE org.hibernate.type.descriptor.sql.BasicBinder - binding parameter [1] as [VARCHAR] - [fileStore]
2020-05-14 10:48:37.321 [main] DEBUG org.hibernate.SQL - select nextval ('repotype_rtid_seq')
2020-05-14 10:48:37.324 [main] DEBUG org.hibernate.SQL - insert into public.repotype (ts, typename, rtid) values (?, ?, ?)
2020-05-14 10:48:37.325 [main] TRACE org.hibernate.type.descriptor.sql.BasicBinder - binding parameter [1] as [BIGINT] - [1589424517319]
2020-05-14 10:48:37.326 [main] TRACE org.hibernate.type.descriptor.sql.BasicBinder - binding parameter [2] as [VARCHAR] - [fileStore]
2020-05-14 10:48:37.327 [main] TRACE org.hibernate.type.descriptor.sql.BasicBinder - binding parameter [3] as [BIGINT] - [3]
2020-05-14 10:48:37.339 [main] DEBUG org.hibernate.SQL - select repo0_.rid as rid1_1_, repo0_.darkname as darkname2_1_, repo0_.description as descript3_1_, repo0_.reponame as reponame4_1_, repo0_.rtid as rtid6_1_, repo0_.ts as ts5_1_, repo0_.uid as uid7_1_ from public.repo repo0_ where repo0_.reponame=?
2020-05-14 10:48:37.340 [main] TRACE org.hibernate.type.descriptor.sql.BasicBinder - binding parameter [1] as [VARCHAR] - [AndroidApp]
2020-05-14 10:48:37.345 [main] DEBUG org.hibernate.SQL - select user0_.uid as uid1_0_, user0_.name as name2_0_, user0_.passwd as passwd3_0_, user0_.ts as ts4_0_ from public.aimuser user0_ where user0_.name=?
2020-05-14 10:48:37.347 [main] TRACE org.hibernate.type.descriptor.sql.BasicBinder - binding parameter [1] as [VARCHAR] - [admin]
2020-05-14 10:48:37.352 [main] DEBUG org.hibernate.SQL - select repotype0_.rtid as rtid1_5_, repotype0_.ts as ts2_5_, repotype0_.typename as typename3_5_ from public.repotype repotype0_ where repotype0_.typename=?
2020-05-14 10:48:37.353 [main] TRACE org.hibernate.type.descriptor.sql.BasicBinder - binding parameter [1] as [VARCHAR] - [appStore]
2020-05-14 10:48:37.367 [main] DEBUG org.hibernate.SQL - select nextval ('repo_rid_seq')
2020-05-14 10:48:37.373 [main] DEBUG org.hibernate.SQL - insert into public.repo (darkname, description, reponame, rtid, ts, uid, rid) values (?, ?, ?, ?, ?, ?, ?)
2020-05-14 10:48:37.374 [main] TRACE org.hibernate.type.descriptor.sql.BasicBinder - binding parameter [1] as [VARCHAR] - [a8340e5fbd10aa7727195fb239c0a902]
2020-05-14 10:48:37.374 [main] TRACE org.hibernate.type.descriptor.sql.BasicBinder - binding parameter [2] as [VARCHAR] - [store AndroidApp]
2020-05-14 10:48:37.375 [main] TRACE org.hibernate.type.descriptor.sql.BasicBinder - binding parameter [3] as [VARCHAR] - [AndroidApp]
2020-05-14 10:48:37.376 [main] TRACE org.hibernate.type.descriptor.sql.BasicBinder - binding parameter [4] as [BIGINT] - [1]
2020-05-14 10:48:37.376 [main] TRACE org.hibernate.type.descriptor.sql.BasicBinder - binding parameter [5] as [BIGINT] - [1589424517359]
2020-05-14 10:48:37.377 [main] TRACE org.hibernate.type.descriptor.sql.BasicBinder - binding parameter [6] as [BIGINT] - [1]
2020-05-14 10:48:37.377 [main] TRACE org.hibernate.type.descriptor.sql.BasicBinder - binding parameter [7] as [BIGINT] - [1]
2020-05-14 10:48:37.385 [main] DEBUG org.hibernate.SQL - select repo0_.rid as rid1_1_, repo0_.darkname as darkname2_1_, repo0_.description as descript3_1_, repo0_.reponame as reponame4_1_, repo0_.rtid as rtid6_1_, repo0_.ts as ts5_1_, repo0_.uid as uid7_1_ from public.repo repo0_ where repo0_.reponame=?
2020-05-14 10:48:37.386 [main] TRACE org.hibernate.type.descriptor.sql.BasicBinder - binding parameter [1] as [VARCHAR] - [AndroidBsp]
2020-05-14 10:48:37.390 [main] DEBUG org.hibernate.SQL - select user0_.uid as uid1_0_, user0_.name as name2_0_, user0_.passwd as passwd3_0_, user0_.ts as ts4_0_ from public.aimuser user0_ where user0_.name=?
2020-05-14 10:48:37.391 [main] TRACE org.hibernate.type.descriptor.sql.BasicBinder - binding parameter [1] as [VARCHAR] - [admin]
2020-05-14 10:48:37.396 [main] DEBUG org.hibernate.SQL - select repotype0_.rtid as rtid1_5_, repotype0_.ts as ts2_5_, repotype0_.typename as typename3_5_ from public.repotype repotype0_ where repotype0_.typename=?
2020-05-14 10:48:37.397 [main] TRACE org.hibernate.type.descriptor.sql.BasicBinder - binding parameter [1] as [VARCHAR] - [bspStore]
2020-05-14 10:48:37.402 [main] DEBUG org.hibernate.SQL - select nextval ('repo_rid_seq')
2020-05-14 10:48:37.405 [main] DEBUG org.hibernate.SQL - insert into public.repo (darkname, description, reponame, rtid, ts, uid, rid) values (?, ?, ?, ?, ?, ?, ?)
2020-05-14 10:48:37.406 [main] TRACE org.hibernate.type.descriptor.sql.BasicBinder - binding parameter [1] as [VARCHAR] - [7a192df602c49951eb8b26ac3464752f]
2020-05-14 10:48:37.407 [main] TRACE org.hibernate.type.descriptor.sql.BasicBinder - binding parameter [2] as [VARCHAR] - [store AndroidBsp]
2020-05-14 10:48:37.407 [main] TRACE org.hibernate.type.descriptor.sql.BasicBinder - binding parameter [3] as [VARCHAR] - [AndroidBsp]
2020-05-14 10:48:37.408 [main] TRACE org.hibernate.type.descriptor.sql.BasicBinder - binding parameter [4] as [BIGINT] - [2]
2020-05-14 10:48:37.408 [main] TRACE org.hibernate.type.descriptor.sql.BasicBinder - binding parameter [5] as [BIGINT] - [1589424517400]
2020-05-14 10:48:37.409 [main] TRACE org.hibernate.type.descriptor.sql.BasicBinder - binding parameter [6] as [BIGINT] - [1]
2020-05-14 10:48:37.409 [main] TRACE org.hibernate.type.descriptor.sql.BasicBinder - binding parameter [7] as [BIGINT] - [2]
2020-05-14 10:48:37.416 [main] DEBUG org.hibernate.SQL - select repo0_.rid as rid1_1_, repo0_.darkname as darkname2_1_, repo0_.description as descript3_1_, repo0_.reponame as reponame4_1_, repo0_.rtid as rtid6_1_, repo0_.ts as ts5_1_, repo0_.uid as uid7_1_ from public.repo repo0_ where repo0_.reponame=?
2020-05-14 10:48:37.417 [main] TRACE org.hibernate.type.descriptor.sql.BasicBinder - binding parameter [1] as [VARCHAR] - [AndroidFile]
2020-05-14 10:48:37.421 [main] DEBUG org.hibernate.SQL - select user0_.uid as uid1_0_, user0_.name as name2_0_, user0_.passwd as passwd3_0_, user0_.ts as ts4_0_ from public.aimuser user0_ where user0_.name=?
2020-05-14 10:48:37.422 [main] TRACE org.hibernate.type.descriptor.sql.BasicBinder - binding parameter [1] as [VARCHAR] - [admin]
2020-05-14 10:48:37.427 [main] DEBUG org.hibernate.SQL - select repotype0_.rtid as rtid1_5_, repotype0_.ts as ts2_5_, repotype0_.typename as typename3_5_ from public.repotype repotype0_ where repotype0_.typename=?
2020-05-14 10:48:37.427 [main] TRACE org.hibernate.type.descriptor.sql.BasicBinder - binding parameter [1] as [VARCHAR] - [fileStore]
2020-05-14 10:48:37.432 [main] DEBUG org.hibernate.SQL - select nextval ('repo_rid_seq')
2020-05-14 10:48:37.435 [main] DEBUG org.hibernate.SQL - insert into public.repo (darkname, description, reponame, rtid, ts, uid, rid) values (?, ?, ?, ?, ?, ?, ?)
2020-05-14 10:48:37.436 [main] TRACE org.hibernate.type.descriptor.sql.BasicBinder - binding parameter [1] as [VARCHAR] - [01c8794a94ad4d1eac4e7eaf191a1291]
2020-05-14 10:48:37.436 [main] TRACE org.hibernate.type.descriptor.sql.BasicBinder - binding parameter [2] as [VARCHAR] - [store AndroidFile]
2020-05-14 10:48:37.436 [main] TRACE org.hibernate.type.descriptor.sql.BasicBinder - binding parameter [3] as [VARCHAR] - [AndroidFile]
2020-05-14 10:48:37.437 [main] TRACE org.hibernate.type.descriptor.sql.BasicBinder - binding parameter [4] as [BIGINT] - [3]
2020-05-14 10:48:37.438 [main] TRACE org.hibernate.type.descriptor.sql.BasicBinder - binding parameter [5] as [BIGINT] - [1589424517430]
2020-05-14 10:48:37.439 [main] TRACE org.hibernate.type.descriptor.sql.BasicBinder - binding parameter [6] as [BIGINT] - [1]
2020-05-14 10:48:37.439 [main] TRACE org.hibernate.type.descriptor.sql.BasicBinder - binding parameter [7] as [BIGINT] - [3]
2020-05-14 10:49:44.822 [http-nio-30019-exec-1] INFO  o.a.c.core.ContainerBase.[Tomcat].[localhost].[/] - Initializing Spring DispatcherServlet 'dispatcherServlet'
2020-05-14 10:49:44.823 [http-nio-30019-exec-1] INFO  org.springframework.web.servlet.DispatcherServlet - Initializing Servlet 'dispatcherServlet'
2020-05-14 10:49:44.894 [http-nio-30019-exec-1] INFO  org.springframework.web.servlet.DispatcherServlet - Completed initialization in 70 ms
2020-05-14 10:49:53.614 [http-nio-30019-exec-7] DEBUG org.hibernate.SQL - select user0_.uid as uid1_0_, user0_.name as name2_0_, user0_.passwd as passwd3_0_, user0_.ts as ts4_0_ from public.aimuser user0_ where user0_.name=?
2020-05-14 10:49:53.620 [http-nio-30019-exec-7] TRACE org.hibernate.type.descriptor.sql.BasicBinder - binding parameter [1] as [VARCHAR] - [admin]
2020-05-14 10:49:53.660 [http-nio-30019-exec-7] INFO  com.m2m.management.controller.LoginController - admin
2020-05-14 10:49:55.154 [http-nio-30019-exec-9] DEBUG org.hibernate.SQL - select repoapp0_.raid as raid1_2_, repoapp0_.address as address2_2_, repoapp0_.description as descript3_2_, repoapp0_.filename as filename4_2_, repoapp0_.license as license5_2_, repoapp0_.pkgname as pkgname6_2_, repoapp0_.rid as rid12_2_, repoapp0_.summary as summary7_2_, repoapp0_.ts as ts8_2_, repoapp0_.versioncode as versionc9_2_, repoapp0_.versionname as version10_2_, repoapp0_.websit as websit11_2_ from public.repoapps repoapp0_ where repoapp0_.filename like ? order by repoapp0_.ts desc limit ?
2020-05-14 10:49:55.156 [http-nio-30019-exec-10] DEBUG org.hibernate.SQL - select repo0_.rid as rid1_1_, repo0_.darkname as darkname2_1_, repo0_.description as descript3_1_, repo0_.reponame as reponame4_1_, repo0_.rtid as rtid6_1_, repo0_.ts as ts5_1_, repo0_.uid as uid7_1_ from public.repo repo0_ where repo0_.reponame like ? order by repo0_.ts desc limit ?
2020-05-14 10:49:55.171 [http-nio-30019-exec-10] TRACE org.hibernate.type.descriptor.sql.BasicBinder - binding parameter [1] as [VARCHAR] - [%%]
2020-05-14 10:49:55.173 [http-nio-30019-exec-9] TRACE org.hibernate.type.descriptor.sql.BasicBinder - binding parameter [1] as [VARCHAR] - [%%]
2020-05-14 10:49:55.193 [http-nio-30019-exec-10] DEBUG org.hibernate.SQL - select repotype0_.rtid as rtid1_5_0_, repotype0_.ts as ts2_5_0_, repotype0_.typename as typename3_5_0_ from public.repotype repotype0_ where repotype0_.rtid=?
2020-05-14 10:49:55.195 [http-nio-30019-exec-10] TRACE org.hibernate.type.descriptor.sql.BasicBinder - binding parameter [1] as [BIGINT] - [3]
2020-05-14 10:49:55.209 [http-nio-30019-exec-9] DEBUG org.hibernate.SQL - select count(*) as col_0_0_ from public.repoapps repoapp0_
2020-05-14 10:49:55.219 [http-nio-30019-exec-10] DEBUG org.hibernate.SQL - select user0_.uid as uid1_0_0_, user0_.name as name2_0_0_, user0_.passwd as passwd3_0_0_, user0_.ts as ts4_0_0_ from public.aimuser user0_ where user0_.uid=?
2020-05-14 10:49:55.229 [http-nio-30019-exec-10] TRACE org.hibernate.type.descriptor.sql.BasicBinder - binding parameter [1] as [BIGINT] - [1]
2020-05-14 10:49:55.236 [http-nio-30019-exec-10] DEBUG org.hibernate.SQL - select repotype0_.rtid as rtid1_5_0_, repotype0_.ts as ts2_5_0_, repotype0_.typename as typename3_5_0_ from public.repotype repotype0_ where repotype0_.rtid=?
2020-05-14 10:49:55.237 [http-nio-30019-exec-10] TRACE org.hibernate.type.descriptor.sql.BasicBinder - binding parameter [1] as [BIGINT] - [2]
2020-05-14 10:49:55.247 [http-nio-30019-exec-10] DEBUG org.hibernate.SQL - select repotype0_.rtid as rtid1_5_0_, repotype0_.ts as ts2_5_0_, repotype0_.typename as typename3_5_0_ from public.repotype repotype0_ where repotype0_.rtid=?
2020-05-14 10:49:55.249 [http-nio-30019-exec-10] TRACE org.hibernate.type.descriptor.sql.BasicBinder - binding parameter [1] as [BIGINT] - [1]
2020-05-14 10:49:55.267 [http-nio-30019-exec-10] DEBUG org.hibernate.SQL - select count(*) as col_0_0_ from public.repo repo0_
2020-05-14 10:50:12.342 [http-nio-30019-exec-1] DEBUG org.hibernate.SQL - select repoapp0_.raid as raid1_2_, repoapp0_.address as address2_2_, repoapp0_.description as descript3_2_, repoapp0_.filename as filename4_2_, repoapp0_.license as license5_2_, repoapp0_.pkgname as pkgname6_2_, repoapp0_.rid as rid12_2_, repoapp0_.summary as summary7_2_, repoapp0_.ts as ts8_2_, repoapp0_.versioncode as versionc9_2_, repoapp0_.versionname as version10_2_, repoapp0_.websit as websit11_2_ from public.repoapps repoapp0_ where repoapp0_.pkgname=? and repoapp0_.versionname=? and repoapp0_.filename=?
2020-05-14 10:50:12.348 [http-nio-30019-exec-1] TRACE org.hibernate.type.descriptor.sql.BasicBinder - binding parameter [1] as [VARCHAR] - [com.advantech.edgeoncode]
2020-05-14 10:50:12.349 [http-nio-30019-exec-1] TRACE org.hibernate.type.descriptor.sql.BasicBinder - binding parameter [2] as [VARCHAR] - [0.7.e63c493.20190920]
2020-05-14 10:50:12.349 [http-nio-30019-exec-1] TRACE org.hibernate.type.descriptor.sql.BasicBinder - binding parameter [3] as [VARCHAR] - [EdgeOn-Code_v0.7.e63c493.20190920_release.apk]
2020-05-14 10:50:12.357 [http-nio-30019-exec-1] DEBUG org.hibernate.SQL - select repoapp0_.raid as raid1_2_, repoapp0_.address as address2_2_, repoapp0_.description as descript3_2_, repoapp0_.filename as filename4_2_, repoapp0_.license as license5_2_, repoapp0_.pkgname as pkgname6_2_, repoapp0_.rid as rid12_2_, repoapp0_.summary as summary7_2_, repoapp0_.ts as ts8_2_, repoapp0_.versioncode as versionc9_2_, repoapp0_.versionname as version10_2_, repoapp0_.websit as websit11_2_ from public.repoapps repoapp0_ where repoapp0_.pkgname=? and repoapp0_.versionname=? and repoapp0_.filename=?
2020-05-14 10:50:12.359 [http-nio-30019-exec-1] TRACE org.hibernate.type.descriptor.sql.BasicBinder - binding parameter [1] as [VARCHAR] - [com.advantech.edgeoncode]
2020-05-14 10:50:12.361 [http-nio-30019-exec-1] TRACE org.hibernate.type.descriptor.sql.BasicBinder - binding parameter [2] as [VARCHAR] - [0.7.e63c493.20190920]
2020-05-14 10:50:12.362 [http-nio-30019-exec-1] TRACE org.hibernate.type.descriptor.sql.BasicBinder - binding parameter [3] as [VARCHAR] - [EdgeOn-Code_v0.7.e63c493.20190920_release.apk]
2020-05-14 10:50:12.377 [http-nio-30019-exec-1] DEBUG org.hibernate.SQL - select repo0_.rid as rid1_1_0_, repo0_.darkname as darkname2_1_0_, repo0_.description as descript3_1_0_, repo0_.reponame as reponame4_1_0_, repo0_.rtid as rtid6_1_0_, repo0_.ts as ts5_1_0_, repo0_.uid as uid7_1_0_, repotype1_.rtid as rtid1_5_1_, repotype1_.ts as ts2_5_1_, repotype1_.typename as typename3_5_1_, user2_.uid as uid1_0_2_, user2_.name as name2_0_2_, user2_.passwd as passwd3_0_2_, user2_.ts as ts4_0_2_ from public.repo repo0_ inner join public.repotype repotype1_ on repo0_.rtid=repotype1_.rtid inner join public.aimuser user2_ on repo0_.uid=user2_.uid where repo0_.rid=?
2020-05-14 10:50:12.398 [http-nio-30019-exec-1] TRACE org.hibernate.type.descriptor.sql.BasicBinder - binding parameter [1] as [BIGINT] - [1]
2020-05-14 10:50:12.443 [http-nio-30019-exec-1] DEBUG org.hibernate.SQL - select nextval ('repoapps_raid_seq')
2020-05-14 10:50:12.449 [http-nio-30019-exec-1] DEBUG org.hibernate.SQL - insert into public.repoapps (address, description, filename, license, pkgname, rid, summary, ts, versioncode, versionname, websit, raid) values (?, ?, ?, ?, ?, ?, ?, ?, ?, ?, ?, ?)
2020-05-14 10:50:12.451 [http-nio-30019-exec-1] TRACE org.hibernate.type.descriptor.sql.BasicBinder - binding parameter [1] as [VARCHAR] - [/DEPLOYREPO/a8340e5fbd10aa7727195fb239c0a902/com.advantech.edgeoncode/0.7.e63c493.20190920]
2020-05-14 10:50:12.452 [http-nio-30019-exec-1] TRACE org.hibernate.type.descriptor.sql.BasicBinder - binding parameter [2] as [VARCHAR] - [defef34e]
2020-05-14 10:50:12.452 [http-nio-30019-exec-1] TRACE org.hibernate.type.descriptor.sql.BasicBinder - binding parameter [3] as [VARCHAR] - [EdgeOn-Code_v0.7.e63c493.20190920_release.apk]
2020-05-14 10:50:12.453 [http-nio-30019-exec-1] TRACE org.hibernate.type.descriptor.sql.BasicBinder - binding parameter [4] as [VARCHAR] - []
2020-05-14 10:50:12.454 [http-nio-30019-exec-1] TRACE org.hibernate.type.descriptor.sql.BasicBinder - binding parameter [5] as [VARCHAR] - [com.advantech.edgeoncode]
2020-05-14 10:50:12.456 [http-nio-30019-exec-1] TRACE org.hibernate.type.descriptor.sql.BasicBinder - binding parameter [6] as [BIGINT] - [1]
2020-05-14 10:50:12.457 [http-nio-30019-exec-1] TRACE org.hibernate.type.descriptor.sql.BasicBinder - binding parameter [7] as [VARCHAR] - []
2020-05-14 10:50:12.458 [http-nio-30019-exec-1] TRACE org.hibernate.type.descriptor.sql.BasicBinder - binding parameter [8] as [BIGINT] - [1589424612429]
2020-05-14 10:50:12.459 [http-nio-30019-exec-1] TRACE org.hibernate.type.descriptor.sql.BasicBinder - binding parameter [9] as [VARCHAR] - [7]
2020-05-14 10:50:12.460 [http-nio-30019-exec-1] TRACE org.hibernate.type.descriptor.sql.BasicBinder - binding parameter [10] as [VARCHAR] - [0.7.e63c493.20190920]
2020-05-14 10:50:12.460 [http-nio-30019-exec-1] TRACE org.hibernate.type.descriptor.sql.BasicBinder - binding parameter [11] as [VARCHAR] - []
2020-05-14 10:50:12.461 [http-nio-30019-exec-1] TRACE org.hibernate.type.descriptor.sql.BasicBinder - binding parameter [12] as [BIGINT] - [1]
2020-05-14 10:50:13.868 [http-nio-30019-exec-4] DEBUG org.hibernate.SQL - select repoapp0_.raid as raid1_2_, repoapp0_.address as address2_2_, repoapp0_.description as descript3_2_, repoapp0_.filename as filename4_2_, repoapp0_.license as license5_2_, repoapp0_.pkgname as pkgname6_2_, repoapp0_.rid as rid12_2_, repoapp0_.summary as summary7_2_, repoapp0_.ts as ts8_2_, repoapp0_.versioncode as versionc9_2_, repoapp0_.versionname as version10_2_, repoapp0_.websit as websit11_2_ from public.repoapps repoapp0_ where repoapp0_.filename like ? order by repoapp0_.ts desc limit ?
2020-05-14 10:50:13.871 [http-nio-30019-exec-4] TRACE org.hibernate.type.descriptor.sql.BasicBinder - binding parameter [1] as [VARCHAR] - [%%]
2020-05-14 10:50:13.874 [http-nio-30019-exec-4] DEBUG org.hibernate.SQL - select repo0_.rid as rid1_1_0_, repo0_.darkname as darkname2_1_0_, repo0_.description as descript3_1_0_, repo0_.reponame as reponame4_1_0_, repo0_.rtid as rtid6_1_0_, repo0_.ts as ts5_1_0_, repo0_.uid as uid7_1_0_, repotype1_.rtid as rtid1_5_1_, repotype1_.ts as ts2_5_1_, repotype1_.typename as typename3_5_1_, user2_.uid as uid1_0_2_, user2_.name as name2_0_2_, user2_.passwd as passwd3_0_2_, user2_.ts as ts4_0_2_ from public.repo repo0_ inner join public.repotype repotype1_ on repo0_.rtid=repotype1_.rtid inner join public.aimuser user2_ on repo0_.uid=user2_.uid where repo0_.rid=?
2020-05-14 10:50:13.875 [http-nio-30019-exec-4] TRACE org.hibernate.type.descriptor.sql.BasicBinder - binding parameter [1] as [BIGINT] - [1]
2020-05-14 10:50:13.881 [http-nio-30019-exec-4] DEBUG org.hibernate.SQL - select count(*) as col_0_0_ from public.repoapps repoapp0_
