WebSocket server settings:
  - Listen on :9191
  - Web server. Web root: /root/adv/noVNC
  - SSL/TLS support
  - proxying from :9191 to targets generated by TokenFile
WebSocket server settings:
  - Listen on :9191
  - Web server. Web root: /root/adv/noVNC
  - SSL/TLS support
  - proxying from :9191 to targets generated by TokenFile
WebSocket server settings:
  - Listen on :9191
  - Web server. Web root: /root/adv/noVNC
  - SSL/TLS support
  - proxying from :9191 to targets generated by TokenFile
WebSocket server settings:
  - Listen on :9191
  - Web server. Web root: /root/adv/noVNC
  - SSL/TLS support
  - proxying from :9191 to targets generated by TokenFile
In exit
WebSocket server settings:
  - Listen on :9191
  - Web server. Web root: /root/adv/noVNC
  - SSL/TLS support
  - proxying from :9191 to targets generated by TokenFile
WebSocket server settings:
  - Listen on :9191
  - Web server. Web root: /root/adv/noVNC
  - SSL/TLS support
  - proxying from :9191 to targets generated by TokenFile
WebSocket server settings:
  - Listen on :9191
  - Web server. Web root: /root/adv/noVNC
  - SSL/TLS support
  - proxying from :9191 to targets generated by TokenFile
